[2018-12-07 09:31:18,874] - logger.py] - INFO: --------start--------
[2018-12-07 09:31:18,875] - logger.py] - INFO: -------test is pass--------
[2018-12-07 09:31:18,876] - logger.py] - INFO: --------end--------
[2018-12-07 09:35:04,681] - logger.py] - INFO: --------start--------
[2018-12-07 09:35:04,681] - logger.py] - INFO: -------test is pass--------
[2018-12-07 09:35:04,682] - logger.py] - INFO: --------end--------
[2018-12-07 09:36:26,324] - logger.py] - INFO: 返回的实际值为jayson 
[2018-12-07 09:36:26,325] - logger.py] - INFO: --------start--------
[2018-12-07 09:36:26,326] - logger.py] - INFO: -------test is pass--------
[2018-12-07 09:36:26,326] - logger.py] - INFO: --------end--------
[2018-12-07 09:39:18,393] - logger.py] - ERROR: 错误的参数%s
[2018-12-07 09:39:46,271] - logger.py] - ERROR: 错误的参数e
[2018-12-07 09:50:52,191] - logger.py] - INFO: --------start--------
[2018-12-07 09:50:52,192] - logger.py] - INFO: -------test is pass--------
[2018-12-07 09:50:52,193] - logger.py] - INFO: --------end--------
[2018-12-07 09:52:23,070] - logger.py] - ERROR: 错误的参数:
[2018-12-07 09:53:59,525] - logger.py] - INFO: 返回的实际值为jayson 
[2018-12-07 09:53:59,526] - logger.py] - INFO: --------start--------
[2018-12-07 09:53:59,526] - logger.py] - INFO: -------test is pass--------
[2018-12-07 09:53:59,527] - logger.py] - INFO: --------end--------
[2018-12-07 09:56:15,443] - logger.py] - INFO: 返回的实际值为帮助
[2018-12-07 09:56:15,444] - logger.py] - INFO: --------start--------
[2018-12-07 09:56:15,444] - logger.py] - INFO: -------test is pass--------
[2018-12-07 09:56:15,445] - logger.py] - INFO: --------end--------
[2018-12-07 09:56:32,762] - logger.py] - INFO: 返回的实际值为jayson 
[2018-12-07 09:56:32,762] - logger.py] - INFO: --------start--------
[2018-12-07 09:56:32,763] - logger.py] - INFO: -------test is pass--------
[2018-12-07 09:56:32,763] - logger.py] - INFO: --------end--------
[2018-12-07 10:00:47,604] - logger.py] - INFO: 返回的实际值为: 帮助；请求预期值为: 帮助
[2018-12-07 10:00:47,604] - logger.py] - INFO: --------start--------
[2018-12-07 10:00:47,605] - logger.py] - INFO: -------test is pass--------
[2018-12-07 10:00:47,605] - logger.py] - INFO: --------end--------
[2018-12-07 10:01:05,893] - logger.py] - INFO: 返回的实际值为: jayson ;请求预期值为: jayson 
[2018-12-07 10:01:05,894] - logger.py] - INFO: --------start--------
[2018-12-07 10:01:05,894] - logger.py] - INFO: -------test is pass--------
[2018-12-07 10:01:05,895] - logger.py] - INFO: --------end--------
[2018-12-07 10:06:48,959] - logger.py] - INFO: 返回的实际值为: 帮助；请求预期值为: 帮助。预期值与实际返回值相符!
[2018-12-07 10:06:48,959] - logger.py] - INFO: --------start--------
[2018-12-07 10:06:48,959] - logger.py] - INFO: -------test is pass--------
[2018-12-07 10:06:48,960] - logger.py] - INFO: --------end--------
[2018-12-07 10:07:06,011] - logger.py] - INFO: 返回的实际值为: jayson ;请求预期值为: jayson。预期值与实际返回值相符!
[2018-12-07 10:07:06,011] - logger.py] - INFO: --------start--------
[2018-12-07 10:07:06,012] - logger.py] - INFO: -------test is pass--------
[2018-12-07 10:07:06,012] - logger.py] - INFO: --------end--------
[2018-12-07 11:03:34,992] - logger.py] - INFO: 返回的实际值为: 帮助；请求预期值为: 帮助。预期值与实际返回值相符!
[2018-12-07 11:03:34,993] - logger.py] - INFO: --------start--------
[2018-12-07 11:03:34,993] - logger.py] - INFO: -------test is pass--------
[2018-12-07 11:03:34,994] - logger.py] - INFO: --------end--------
